<?xml version="1.0" encoding="UTF-8"?>
<testsuite xmlns:xsi="http://www.w3.org/2001/XMLSchema-instance" xsi:schemaLocation="https://maven.apache.org/surefire/maven-surefire-plugin/xsd/surefire-test-report.xsd" name="unit.DataBaseTest" time="0.394" tests="14" errors="0" skipped="0" failures="0">
  <properties>
    <property name="java.runtime.name" value="Java(TM) SE Runtime Environment"/>
    <property name="java.vm.version" value="11.0.8+10-LTS"/>
    <property name="sun.boot.library.path" value="/Library/Java/JavaVirtualMachines/jdk-11.0.8.jdk/Contents/Home/lib"/>
    <property name="gopherProxySet" value="false"/>
    <property name="maven.multiModuleProjectDirectory" value="/Users/pure/Documents/software engineering/hw/4156-PublicAssignment-master/hw1"/>
    <property name="java.vm.vendor" value="Oracle Corporation"/>
    <property name="java.vendor.url" value="https://openjdk.java.net/"/>
    <property name="guice.disable.misplaced.annotation.check" value="true"/>
    <property name="path.separator" value=":"/>
    <property name="java.vm.name" value="Java HotSpot(TM) 64-Bit Server VM"/>
    <property name="sun.os.patch.level" value="unknown"/>
    <property name="user.country" value="US"/>
    <property name="sun.java.launcher" value="SUN_STANDARD"/>
    <property name="java.vm.specification.name" value="Java Virtual Machine Specification"/>
    <property name="user.dir" value="/Users/pure/Documents/software engineering/hw/4156-PublicAssignment-master/hw1"/>
    <property name="java.vm.compressedOopsMode" value="Zero based"/>
    <property name="java.runtime.version" value="11.0.8+10-LTS"/>
    <property name="java.awt.graphicsenv" value="sun.awt.CGraphicsEnvironment"/>
    <property name="os.arch" value="x86_64"/>
    <property name="java.io.tmpdir" value="/var/folders/2f/8dlfyqqj2qq1715_jfx86_xw0000gn/T/"/>
    <property name="line.separator" value="&#10;"/>
    <property name="java.vm.specification.vendor" value="Oracle Corporation"/>
    <property name="os.name" value="Mac OS X"/>
    <property name="classworlds.conf" value="/Users/pure/eclipse-workspace/.metadata/.plugins/org.eclipse.m2e.launching/launches/m2conf13543613407277648331.tmp"/>
    <property name="sun.jnu.encoding" value="UTF-8"/>
    <property name="java.library.path" value="/Users/pure/Library/Java/Extensions:/Library/Java/Extensions:/Network/Library/Java/Extensions:/System/Library/Java/Extensions:/usr/lib/java:."/>
    <property name="jdk.debug" value="release"/>
    <property name="java.class.version" value="55.0"/>
    <property name="java.specification.name" value="Java Platform API Specification"/>
    <property name="sun.management.compiler" value="HotSpot 64-Bit Tiered Compilers"/>
    <property name="os.version" value="10.15.7"/>
    <property name="http.nonProxyHosts" value="local|*.local|169.254/16|*.169.254/16"/>
    <property name="user.home" value="/Users/pure"/>
    <property name="user.timezone" value="Asia/Shanghai"/>
    <property name="java.awt.printerjob" value="sun.lwawt.macosx.CPrinterJob"/>
    <property name="file.encoding" value="UTF-8"/>
    <property name="java.specification.version" value="11"/>
    <property name="user.name" value="pure"/>
    <property name="java.class.path" value="/Applications/Eclipse.app/Contents/Eclipse/plugins/org.eclipse.m2e.maven.runtime_1.16.0.20200610-1735/jars/plexus-classworlds-2.6.0.jar"/>
    <property name="java.vm.specification.version" value="11"/>
    <property name="sun.arch.data.model" value="64"/>
    <property name="sun.java.command" value="org.codehaus.plexus.classworlds.launcher.Launcher -B install"/>
    <property name="java.home" value="/Library/Java/JavaVirtualMachines/jdk-11.0.8.jdk/Contents/Home"/>
    <property name="user.language" value="en"/>
    <property name="java.specification.vendor" value="Oracle Corporation"/>
    <property name="awt.toolkit" value="sun.lwawt.macosx.LWCToolkit"/>
    <property name="java.vm.info" value="mixed mode"/>
    <property name="java.version" value="11.0.8"/>
    <property name="java.vendor" value="Oracle Corporation"/>
    <property name="maven.home" value="/Users/pure/Documents/software engineering/hw/4156-PublicAssignment-master/hw1/EMBEDDED"/>
    <property name="file.separator" value="/"/>
    <property name="java.version.date" value="2020-07-14"/>
    <property name="java.vendor.url.bug" value="https://bugreport.java.com/bugreport/"/>
    <property name="sun.io.unicode.encoding" value="UnicodeBig"/>
    <property name="sun.cpu.endian" value="little"/>
    <property name="java.vendor.version" value="18.9"/>
    <property name="socksNonProxyHosts" value="local|*.local|169.254/16|*.169.254/16"/>
    <property name="ftp.nonProxyHosts" value="local|*.local|169.254/16|*.169.254/16"/>
    <property name="sun.cpu.isalist" value=""/>
  </properties>
  <testcase name="testCreateBoardTable" classname="unit.DataBaseTest" time="0.001"/>
  <testcase name="testAddMoveData" classname="unit.DataBaseTest" time="0.014"/>
  <testcase name="testCleanTable" classname="unit.DataBaseTest" time="0.013"/>
  <testcase name="testSelectBoardBooleanData" classname="unit.DataBaseTest" time="0.008"/>
  <testcase name="testCreatePlayerTable" classname="unit.DataBaseTest" time="0.001"/>
  <testcase name="testArrayToString" classname="unit.DataBaseTest" time="0.001"/>
  <testcase name="testAddBoardData" classname="unit.DataBaseTest" time="0.002"/>
  <testcase name="testCreateMoveTable" classname="unit.DataBaseTest" time="0.001"/>
  <testcase name="testSelectMoveData" classname="unit.DataBaseTest" time="0.002"/>
  <testcase name="testAddPlayerData" classname="unit.DataBaseTest" time="0.006"/>
  <testcase name="testStringToArray" classname="unit.DataBaseTest" time="0.001"/>
  <testcase name="testSelectBoardIntData" classname="unit.DataBaseTest" time="0.001"/>
  <testcase name="testSelectPlayerData" classname="unit.DataBaseTest" time="0.002"/>
  <testcase name="testSelectBoardData" classname="unit.DataBaseTest" time="0.001"/>
</testsuite>